[14:04:22][error] 获取更新失败~
[14:04:22][error] Error: Could not read from remote repository.
[14:04:23][error] 获取更新失败~
[14:04:23][error] Error: Could not read from remote repository.
[14:04:23] auto commit
[14:04:23] maxCommitCount：5
[14:04:35][error] 获取更新失败~
[14:04:35][error] Error: Could not read from remote repository.
[14:04:37][error] 获取更新失败~
[14:04:37][error] Error: Could not read from remote repository.
[14:04:37] auto commit
[14:04:37] maxCommitCount：2
[14:04:57][error] 获取更新失败~
[14:04:57][error] Error: Could not read from remote repository.
[14:04:58][error] 获取更新失败~
[14:04:58][error] Error: Could not read from remote repository.
[14:04:58] auto commit
[14:04:58] maxCommitCount：8
[14:05:19][error] 获取更新失败~
[14:05:19][error] Error: Could not read from remote repository.
[14:05:20][error] 获取更新失败~
[14:05:20][error] Error: Could not read from remote repository.
[14:05:20] auto commit
[14:05:20] maxCommitCount：8
[14:06:38][error] 获取更新失败~
[14:06:38][error] Error: Could not read from remote repository.
[14:06:39][error] 获取更新失败~
[14:06:39][error] Error: Could not read from remote repository.
[14:06:40] auto commit
[14:06:40] maxCommitCount：10
[14:08:22][error] 获取更新失败~
[14:08:22][error] Error: Could not read from remote repository.
[14:08:23][error] 获取更新失败~
[14:08:23][error] Error: Could not read from remote repository.
[14:08:23] auto commit
[14:08:23] maxCommitCount：7
[14:09:16][error] 获取更新失败~
[14:09:16][error] Error: Could not read from remote repository.
[14:09:17][error] 获取更新失败~
[14:09:17][error] Error: Could not read from remote repository.
[14:09:17] auto commit
[14:09:17] maxCommitCount：6
[14:09:25][error] 获取更新失败~
[14:09:25][error] Error: Could not read from remote repository.
[14:09:26][error] 获取更新失败~
[14:09:26][error] Error: Could not read from remote repository.
[14:09:26] auto commit
[14:09:26] maxCommitCount：5
[14:19:48] auto commit
[14:19:48] maxCommitCount：7
[14:19:52] auto commit succeed
[14:21:56] auto commit
[14:21:56] maxCommitCount：7
[14:22:00] auto commit succeed
