[09:26:43][error] 获取更新失败~
[09:26:43][error] Error: fatal: unable to access 'https://github.com/nindle/Timing_task.git/': Failed to connect to github.com port 443 after 21040 ms: Timed out
[09:27:03][error] 获取更新失败~
[09:27:03][error] Error: fatal: unable to access 'https://github.com/nindle/Timing_task.git/': OpenSSL SSL_read: Connection was reset, errno 10054
[09:27:03] auto commit
[09:27:03] maxCommitCount：9
[09:49:57] auto commit
[09:49:57] maxCommitCount：7
[09:51:51][error] 获取更新失败~
[09:51:51][error] Error: fatal: unable to access 'https://github.com/nindle/Timing_task.git/': Failed to connect to github.com port 443 after 21014 ms: Timed out
[09:51:51] auto commit
[09:51:51] maxCommitCount：9
[09:54:15] auto commit
[09:54:15] maxCommitCount：6
[09:55:04][error] 获取更新失败~
[09:55:04][error] Error: fatal: unable to access 'https://github.com/nindle/Timing_task.git/': Failed to connect to github.com port 443 after 21038 ms: Timed out
[09:55:24][error] 获取更新失败~
[09:55:24][error] Error: fatal: unable to access 'https://github.com/nindle/Timing_task.git/': OpenSSL SSL_read: Connection was reset, errno 10054
[09:55:24] auto commit
[09:55:24] maxCommitCount：5
[10:03:49][error] 获取更新失败~
[10:03:49][error] Error: There is no tracking information for the current branch.
Please specify which branch you want to merge with.
See git-pull(1) for details.

    git pull <remote> <branch>

If you wish to set tracking information for this branch you can do so with:

    git branch --set-upstream-to=origin/<branch> master
[10:03:53][error] 获取更新失败~
[10:03:53][error] Error: There is no tracking information for the current branch.
Please specify which branch you want to merge with.
See git-pull(1) for details.

    git pull <remote> <branch>

If you wish to set tracking information for this branch you can do so with:

    git branch --set-upstream-to=origin/<branch> master
[10:03:54] auto commit
[10:03:54] maxCommitCount：1
[10:03:57] auto commit succeed
