[22:58:23][error] 获取更新失败~
[22:58:23][error] Error: unable to access 'https://github.com/nindle/Timing_task.git/': Failed to connect to github.com port 443: Timed out
[22:58:44][error] 获取更新失败~
[22:58:44][error] Error: unable to access 'https://github.com/nindle/Timing_task.git/': Failed to connect to github.com port 443: Timed out
[22:58:44] auto commit
[22:58:44] maxCommitCount：4
[22:58:48] auto commit succeed
[23:21:00] auto commit
[23:21:00] maxCommitCount：9
[23:21:03] auto commit succeed
[23:23:08] auto commit
[23:23:08] maxCommitCount：9
[23:23:12] auto commit succeed
[23:25:17] auto commit
[23:25:17] maxCommitCount：9
[23:25:21] auto commit succeed
[23:27:26] auto commit
[23:27:26] maxCommitCount：9
[23:27:30] auto commit succeed
[23:29:34] auto commit
[23:29:34] maxCommitCount：9
[23:29:39] auto commit succeed
[23:31:44] auto commit
[23:31:44] maxCommitCount：9
[23:31:48] auto commit succeed
[23:33:52] auto commit
[23:33:52] maxCommitCount：9
[23:33:56] auto commit succeed
[23:36:01] auto commit
[23:36:01] maxCommitCount：9
