[00:06:54][error] 获取更新失败~
[00:06:54][error] Error: Your configuration specifies to merge with the ref 'refs/heads/master'
from the remote, but no such ref was fetched.
[00:06:54] auto commit
[00:06:54] maxCommitCount：10
[00:06:58] auto commit succeed
[00:09:03] auto commit
[00:09:03] maxCommitCount：10
[00:09:07] auto commit succeed
[00:11:12] auto commit
[00:11:12] maxCommitCount：10
[00:11:15] auto commit succeed
[00:13:20] auto commit
[00:13:20] maxCommitCount：10
[00:13:24] auto commit succeed
[00:15:29] auto commit
[00:15:29] maxCommitCount：10
[00:15:33] auto commit succeed
[00:17:38] auto commit
[00:17:38] maxCommitCount：10
[00:17:42] auto commit succeed
[00:19:46] auto commit
[00:19:46] maxCommitCount：10
[00:19:50] auto commit succeed
[00:21:54] auto commit
[00:21:54] maxCommitCount：10
[00:21:58] auto commit succeed
[00:24:03] auto commit
[00:24:03] maxCommitCount：10
