[00:09:46] auto commit
[00:09:46] maxCommitCount：9
[00:09:49] auto commit succeed
[18:38:32][error] 获取更新失败~
[18:38:32][error] Error: Could not read from remote repository.
[18:38:33][error] 获取更新失败~
[18:38:33][error] Error: Could not read from remote repository.
[18:38:33] auto commit
[18:38:33] maxCommitCount：1
[18:41:32] auto commit
[18:41:32] maxCommitCount：3
[21:46:57] auto commit
[21:46:57] maxCommitCount：6
[21:47:01] auto commit succeed
[21:49:06] auto commit
[21:49:06] maxCommitCount：6
[21:49:10] auto commit succeed
[21:51:14] auto commit
[21:51:14] maxCommitCount：6
[21:51:18] auto commit succeed
[21:53:22] auto commit
[21:53:22] maxCommitCount：6
[21:53:26] auto commit succeed
[21:55:30] auto commit
[21:55:30] maxCommitCount：6
[21:55:34] auto commit succeed
