[00:05:48] auto commit
[00:05:48] maxCommitCount：3
[00:05:52] auto commit succeed
[00:07:56] auto commit
[00:07:56] maxCommitCount：3
[00:08:00] auto commit succeed
[00:10:05] auto commit
[00:10:05] maxCommitCount：3
[18:07:18] auto commit
[18:07:18] maxCommitCount：2
[18:16:06][error] 获取更新失败~
[18:16:06][error] Error: Your configuration specifies to merge with the ref 'refs/heads/master'
from the remote, but no such ref was fetched.
[18:16:06] auto commit
[18:16:06] maxCommitCount：3
[18:16:10] auto commit succeed
[18:18:11][error] 获取更新失败~
[18:18:11][error] Error: Could not read from remote repository.
[18:18:11] auto commit
[18:18:11] maxCommitCount：3
[18:19:51] auto commit
[18:19:51] maxCommitCount：6
[18:19:55] auto commit succeed
[18:21:59] auto commit
[18:21:59] maxCommitCount：6
[18:22:03] auto commit succeed
